<?xml version="1.0" encoding="utf-8"?><testsuites name="pytest tests"><testsuite name="pytest" errors="0" failures="0" skipped="0" tests="15" time="4.462" timestamp="2026-05-05T04:55:53.527584+00:00" hostname="agent-env-b9369d85-8c05-46c7-b768-48024a997b94"><testcase classname="backend.tests.test_kript_api" name="test_root_health" time="0.210" /><testcase classname="backend.tests.test_kript_api" name="test_register_sets_cookies_and_returns_user" time="0.430" /><testcase classname="backend.tests.test_kript_api" name="test_register_duplicate_email_returns_400" time="0.119" /><testcase classname="backend.tests.test_kript_api" name="test_login_admin_success" time="0.407" /><testcase classname="backend.tests.test_kript_api" name="test_login_wrong_password_spanish_error" time="0.410" /><testcase classname="backend.tests.test_kript_api" name="test_me_with_cookie" time="0.049" /><testcase classname="backend.tests.test_kript_api" name="test_me_with_bearer" time="0.547" /><testcase classname="backend.tests.test_kript_api" name="test_me_unauthenticated" time="0.250" /><testcase classname="backend.tests.test_kript_api" name="test_logout_clears_cookies" time="0.530" /><testcase classname="backend.tests.test_kript_api" name="test_credentials_requires_auth" time="0.218" /><testcase classname="backend.tests.test_kript_api" name="test_credentials_crud_flow" time="0.304" /><testcase classname="backend.tests.test_kript_api" name="test_credentials_isolation_between_users" time="0.196" /><testcase classname="backend.tests.test_kript_api" name="test_generator_default_length" time="0.115" /><testcase classname="backend.tests.test_kript_api" name="test_generator_only_lowercase" time="0.127" /><testcase classname="backend.tests.test_kript_api" name="test_generator_no_charset_returns_400" time="0.133" /></testsuite></testsuites>